<?xml version="1.0" encoding="UTF-8"?>
<testsuite xmlns:xsi="http://www.w3.org/2001/XMLSchema-instance" xsi:noNamespaceSchemaLocation="https://maven.apache.org/surefire/maven-surefire-plugin/xsd/surefire-test-report.xsd" name="app.SimpleCalculatorControllerTest" time="6.72" tests="5" errors="0" skipped="0" failures="0">
  <properties>
[...]
</properties>
  <testcase name="test_01_Add_API" classname="app.SimpleCalculatorControllerTest" time="0.48"/>
  <testcase name="test_05_DivByZero_API" classname="app.SimpleCalculatorControllerTest" time="0.013"/>
  <testcase name="test_04_Div_API" classname="app.SimpleCalculatorControllerTest" time="0.007"/>
  <testcase name="test_02_Sub_API" classname="app.SimpleCalculatorControllerTest" time="0.007"/>
  <testcase name="test_03_Mul_API" classname="app.SimpleCalculatorControllerTest" time="0.007"/>
</testsuite>